
> esprit-market-front@0.0.0 start
> ng serve --watch=false

[33m❯[39m Building...
[32m✔[39m Building...
[1mInitial chunk files[22m[2m | [22m[1mNames[22m              [2m | [22m [1mRaw size[22m
[32mmain.js[39m            [2m | [22m[2mmain[22m               [2m | [22m[36m132.15 kB[39m[2m | [22m
[32mstyles.css[39m         [2m | [22m[2mstyles[22m             [2m | [22m [36m98.82 kB[39m[2m | [22m
[32mchunk-Z7H6EGX6.js[39m  [2m | [22m[2m-[22m                  [2m | [22m [36m43.38 kB[39m[2m | [22m
[32mchunk-VK7T76IN.js[39m  [2m | [22m[2m-[22m                  [2m | [22m [36m13.51 kB[39m[2m | [22m
[32mchunk-3LLKTEC4.js[39m  [2m | [22m[2m-[22m                  [2m | [22m  [36m9.77 kB[39m[2m | [22m
[32mchunk-5KJBQE2A.js[39m  [2m | [22m[2m-[22m                  [2m | [22m  [36m8.77 kB[39m[2m | [22m
[32mchunk-P5DPBCIL.js[39m  [2m | [22m[2m-[22m                  [2m | [22m  [36m7.10 kB[39m[2m | [22m
[32mchunk-77ME7IAP.js[39m  [2m | [22m[2m-[22m                  [2m | [22m  [36m5.61 kB[39m[2m | [22m
[32mchunk-RG7WLHYQ.js[39m  [2m | [22m[2m-[22m                  [2m | [22m  [36m4.08 kB[39m[2m | [22m
[32mchunk-TAKABOHE.js[39m  [2m | [22m[2m-[22m                  [2m | [22m  [36m3.65 kB[39m[2m | [22m
[32mchunk-Q2BN6OGC.js[39m  [2m | [22m[2m-[22m                  [2m | [22m  [36m3.59 kB[39m[2m | [22m
[32mchunk-CQS3YY7O.js[39m  [2m | [22m[2m-[22m                  [2m | [22m  [36m2.92 kB[39m[2m | [22m
[32mchunk-VVANLCR5.js[39m  [2m | [22m[2m-[22m                  [2m | [22m  [36m2.42 kB[39m[2m | [22m
[32mchunk-Z3BTZENQ.js[39m  [2m | [22m[2m-[22m                  [2m | [22m  [36m1.79 kB[39m[2m | [22m
[32mchunk-P3ROQONZ.js[39m  [2m | [22m[2m-[22m                  [2m | [22m  [36m1.52 kB[39m[2m | [22m
[32mchunk-CZJLB7T5.js[39m  [2m | [22m[2m-[22m                  [2m | [22m  [36m1.08 kB[39m[2m | [22m
[32mchunk-5YSPLMFZ.js[39m  [2m | [22m[2m-[22m                  [2m | [22m[36m174 bytes[39m[2m | [22m
[32mchunk-FVQ4YWZH.js[39m  [2m | [22m[2m-[22m                  [2m | [22m [36m43 bytes[39m[2m | [22m

[1m [22m                  [2m | [22m[1mInitial total[22m      [2m | [22m[1m340.39 kB[22m

[1mLazy chunk files[22m   [2m | [22m[1mNames[22m              [2m | [22m [1mRaw size[22m
[32mchunk-NB7LZRQE.js[39m  [2m | [22m[2mprofile[22m            [2m | [22m[36m132.16 kB[39m[2m | [22m
[32mchunk-7EPT5JPC.js[39m  [2m | [22m[2mplaceholders[22m       [2m | [22m[36m113.90 kB[39m[2m | [22m
[32mchunk-J4R4NF26.js[39m  [2m | [22m[2mproduct-details[22m    [2m | [22m[36m102.58 kB[39m[2m | [22m
[32mchunk-E3ENVSZF.js[39m  [2m | [22m[2mproducts[22m           [2m | [22m [36m78.85 kB[39m[2m | [22m
[32mchunk-ZGA2YPSU.js[39m  [2m | [22m[2mforum[22m              [2m | [22m [36m72.65 kB[39m[2m | [22m
[32mchunk-6FPD7FAC.js[39m  [2m | [22m[2mdashboard-component[22m[2m | [22m [36m61.13 kB[39m[2m | [22m
[32mchunk-SXUPHCFG.js[39m  [2m | [22m[2mcarpooling[22m         [2m | [22m [36m59.76 kB[39m[2m | [22m
[32mchunk-JAPCBKHX.js[39m  [2m | [22m[2mcart[22m               [2m | [22m [36m54.88 kB[39m[2m | [22m
[32mchunk-4QXXM6LH.js[39m  [2m | [22m[2mback-routes[22m        [2m | [22m [36m52.33 kB[39m[2m | [22m
[32mchunk-67EWRV7H.js[39m  [2m | [22m[2mhome[22m               [2m | [22m [36m50.21 kB[39m[2m | [22m
[32mchunk-MUAXZXJF.js[39m  [2m | [22m[2mcontact[22m            [2m | [22m [36m46.28 kB[39m[2m | [22m
[32mchunk-TZ2O6KRU.js[39m  [2m | [22m[2mfavorites[22m          [2m | [22m [36m36.91 kB[39m[2m | [22m
[32mchunk-TAQOVABS.js[39m  [2m | [22m[2msupport-component[22m  [2m | [22m [36m30.96 kB[39m[2m | [22m
[32mchunk-RT7H5SN7.js[39m  [2m | [22m[2musers-component[22m    [2m | [22m [36m27.58 kB[39m[2m | [22m
[32mchunk-FEQOKDPQ.js[39m  [2m | [22m[2mregister[22m           [2m | [22m [36m24.69 kB[39m[2m | [22m
[2m...and 9 more lazy chunks files. Use "--verbose" to show all the files.[22m

Application bundle generation complete. [8.958 seconds] - 2026-03-28T20:21:29.832Z

[1m[33m[33m▲ [43;33m[[43;30mWARNING[43;33m][0m [1mTypeScript compiler option 'isolatedModules' may prevent the 'emitDecoratorMetadata' option from emitting all metadata.[0m [1m[35m[plugin angular-compiler][0m

  The 'emitDecoratorMetadata' option is not required by Angularand can be removed if not explictly required by the project.


[33m▲ [43;33m[[43;30mWARNING[43;33m][0m [1mNG8113: RouterLink is not used within the template of Login[0m [1m[35m[plugin angular-compiler][0m

    src/app/front/pages/login/login.ts:10:26:
[37m      10 │   imports: [CommonModule, [32mRouterLink[37m, ReactiveFormsModule],
         ╵                           [32m~~~~~~~~~~[0m


[33m▲ [43;33m[[43;30mWARNING[43;33m][0m [1mNG8113: RouterLink is not used within the template of Profile[0m [1m[35m[plugin angular-compiler][0m

    src/app/front/pages/profile/profile.ts:26:4:
[37m      26 │     [32mRouterLink[37m,
         ╵     [32m~~~~~~~~~~[0m


[33m▲ [43;33m[[43;30mWARNING[43;33m][0m [1mNG8113: ProfileEditModal is not used within the template of Profile[0m [1m[35m[plugin angular-compiler][0m

    src/app/front/pages/profile/profile.ts:28:4:
[37m      28 │     [32mProfileEditModal[37m,
         ╵     [32m~~~~~~~~~~~~~~~~[0m


[33m▲ [43;33m[[43;30mWARNING[43;33m][0m [1mNG8113: AvatarUploadModal is not used within the template of Profile[0m [1m[35m[plugin angular-compiler][0m

    src/app/front/pages/profile/profile.ts:29:4:
[37m      29 │     [32mAvatarUploadModal[37m,
         ╵     [32m~~~~~~~~~~~~~~~~~[0m


[33m▲ [43;33m[[43;30mWARNING[43;33m][0m [1mNG8113: PasswordChangeModal is not used within the template of Profile[0m [1m[35m[plugin angular-compiler][0m

    src/app/front/pages/profile/profile.ts:30:4:
[37m      30 │     [32mPasswordChangeModal[37m,
         ╵     [32m~~~~~~~~~~~~~~~~~~~[0m


[33m▲ [43;33m[[43;30mWARNING[43;33m][0m [1mNG8113: RouterLink is not used within the template of Register[0m [1m[35m[plugin angular-compiler][0m

    src/app/front/pages/register/register.ts:19:26:
[37m      19 │   imports: [CommonModule, [32mRouterLink[37m, ReactiveFormsModule],
         ╵                           [32m~~~~~~~~~~[0m

[39m[22m
NOTE: Raw file sizes do not reflect development server per-request transformations.
  [32m➜[39m  [1mLocal[22m:   [36mhttp://localhost:[1m4200[22m/[39m
[2m[32m  ➜[39m[22m[2m  press [22m[1mh + enter[22m[2m to show help[22m
